<html>
<body>
<pre>
<h1>µVision Build Log</h1>
<h2>Project:</h2>
E:\keiltest\8A8Koscilloscope\8A8KADCteat.uvproj
Project File Date:  10/23/2021

<h2>Output:</h2>
Rebuild target 'Target 1'
assembling STARTUP.A51...
compiling 8a8kADCtest.c...
8A8KADCTEST.C(147): error C141: syntax error near ';'
compiling uart.c...
compiling oled.c...
Target not created
</pre>
</body>
</html>
le prototype
8A8KADCTEST.C(159): error C141: syntax error near '}'
compiling uart.c...
compiling oled.c...
Target not created
 C202: 'xpoint': undefined identifier
8A8KADCTEST.C(121): error C202: 'ypoint': undefined identifier
8A8KADCTEST.C(123): error C202: 'tage': undefined identifier
8A8KADCTEST.C(124): error C202: 'color': undefined identifier
8A8KADCTEST.C(125): error C202: 'xpoint': undefined identifier
8A8KADCTEST.C(127): error C202: 'color': undefined identifier
8A8KADCTEST.C(129): error C202: 'tage': undefined identifier
8A8KADCTEST.C(131): error C202: 'color': undefined identifier
8A8KADCTEST.C(135): error C202: 'color': undefined identifier
8A8KADCTEST.C(136): error C202: 'n': undefined identifier
8A8KADCTEST.C(138): error C202: 'color': undefined identifier
8A8KADCTEST.C(145): error C141: syntax error near ';'
compiling uart.c...
compiling oled.c...
Target not created
ed identifier
8A8KADCTEST.C(145): error C141: syntax error near ';'
compiling uart.c...
uart.c(1): error C318: can't open file 'uart.c'
compiling oled.c...
Target not created
